[12:04:09] Habitablenut59 (uuid: 7ee0b2e0-5ae2-409e-8246-f12a15f39f78): No
[12:04:11] Lord_Mimir (uuid: 2d336119-6efd-44c5-bb57-11a4a2bb08e7): test
[12:04:15] DeathDragon58 (uuid: 6670da8a-7b31-44c2-988b-1cf5b7886db8): never
[12:04:27] Habitablenut59 (uuid: 7ee0b2e0-5ae2-409e-8246-f12a15f39f78): Can I be a communist instead of bane
[12:04:31] Lord_Mimir (uuid: 2d336119-6efd-44c5-bb57-11a4a2bb08e7): thank you
[12:05:04] Habitablenut59 (uuid: 7ee0b2e0-5ae2-409e-8246-f12a15f39f78): Ok
[12:05:19] Habitablenut59 (uuid: 7ee0b2e0-5ae2-409e-8246-f12a15f39f78): Cool
[12:05:22] Subnotic (uuid: 4f58f530-d441-428c-9a4c-ff86cc2ad1b4): server talk is boring color
[12:05:26] Subnotic (uuid: 4f58f530-d441-428c-9a4c-ff86cc2ad1b4): make it purple
[12:05:39] Habitablenut59 (uuid: 7ee0b2e0-5ae2-409e-8246-f12a15f39f78): No dont listen to him it needs to be bright yello
[12:05:49] Habitablenut59 (uuid: 7ee0b2e0-5ae2-409e-8246-f12a15f39f78): Just so we cant read it
[12:06:50] Lord_Mimir (uuid: 2d336119-6efd-44c5-bb57-11a4a2bb08e7): Hab that better?
[12:07:00] Habitablenut59 (uuid: 7ee0b2e0-5ae2-409e-8246-f12a15f39f78): Woot
[12:07:10] Habitablenut59 (uuid: 7ee0b2e0-5ae2-409e-8246-f12a15f39f78): BUTTMAN
[12:15:02] Madxmike (uuid: d20b5bc5-a632-48bb-a040-1f3f66478de7): rip sever
[12:16:32] Habitablenut59 (uuid: 7ee0b2e0-5ae2-409e-8246-f12a15f39f78): What was that for
[12:16:46] Habitablenut59 (uuid: 7ee0b2e0-5ae2-409e-8246-f12a15f39f78): ?
[12:16:59] Habitablenut59 (uuid: 7ee0b2e0-5ae2-409e-8246-f12a15f39f78): are we 1
[12:18:00] Subnotic (uuid: 4f58f530-d441-428c-9a4c-ff86cc2ad1b4): hi
[12:18:00] Madxmike (uuid: d20b5bc5-a632-48bb-a040-1f3f66478de7): test
[12:18:04] Lord_Mimir (uuid: 2d336119-6efd-44c5-bb57-11a4a2bb08e7): test
[12:18:12] DeathDragon58 (uuid: 6670da8a-7b31-44c2-988b-1cf5b7886db8): words here
[12:19:23] x_Kurosaki_x (uuid: 55ff67fd-a55f-4412-adbb-c30fc03af8c6): 0-o
[12:27:42] PRIMETOXINZ (uuid: ec18f39a-0a48-4e5b-808a-becae2546547): on hab log in kill
[12:27:47] Habitablenut59 (uuid: 7ee0b2e0-5ae2-409e-8246-f12a15f39f78): ...
[12:27:54] Subnotic (uuid: 4f58f530-d441-428c-9a4c-ff86cc2ad1b4): just make him punch himself
[12:28:08] Habitablenut59 (uuid: 7ee0b2e0-5ae2-409e-8246-f12a15f39f78): Can you feel the love tonight
[12:29:08] PRIMETOXINZ (uuid: ec18f39a-0a48-4e5b-808a-becae2546547): haha
[12:31:57] Habitablenut59 (uuid: 7ee0b2e0-5ae2-409e-8246-f12a15f39f78): Whaty
[12:32:01] PRIMETOXINZ (uuid: ec18f39a-0a48-4e5b-808a-becae2546547): yest
[12:32:05] Madxmike (uuid: d20b5bc5-a632-48bb-a040-1f3f66478de7): yest
[12:32:05] PRIMETOXINZ (uuid: ec18f39a-0a48-4e5b-808a-becae2546547): gg
[12:32:07] Habitablenut59 (uuid: 7ee0b2e0-5ae2-409e-8246-f12a15f39f78): Toda
[12:32:09] Habitablenut59 (uuid: 7ee0b2e0-5ae2-409e-8246-f12a15f39f78): gg
[12:32:18] DeathDragon58 (uuid: 6670da8a-7b31-44c2-988b-1cf5b7886db8): wow
[12:32:19] Habitablenut59 (uuid: 7ee0b2e0-5ae2-409e-8246-f12a15f39f78): a
[12:32:32] Subnotic (uuid: 4f58f530-d441-428c-9a4c-ff86cc2ad1b4): HI
[12:32:39] PRIMETOXINZ (uuid: ec18f39a-0a48-4e5b-808a-becae2546547): not like we chat in this way :P
[12:32:44] DeathDragon58 (uuid: 6670da8a-7b31-44c2-988b-1cf5b7886db8): (words go here)
[13:46:51] Madxmike (uuid: d20b5bc5-a632-48bb-a040-1f3f66478de7): this going to be a path?
[13:46:55] Subnotic (uuid: 4f58f530-d441-428c-9a4c-ff86cc2ad1b4): YEAH
[13:46:59] Habitablenut59 (uuid: 7ee0b2e0-5ae2-409e-8246-f12a15f39f78): Pencil
[13:47:36] Subnotic (uuid: 4f58f530-d441-428c-9a4c-ff86cc2ad1b4): shears
[13:47:48] Habitablenut59 (uuid: 7ee0b2e0-5ae2-409e-8246-f12a15f39f78): Pen
[13:48:43] Subnotic (uuid: 4f58f530-d441-428c-9a4c-ff86cc2ad1b4): 3 sleep?
[13:50:09] Madxmike (uuid: d20b5bc5-a632-48bb-a040-1f3f66478de7): rip
[13:51:31] Madxmike (uuid: d20b5bc5-a632-48bb-a040-1f3f66478de7): lol
[13:52:30] Subnotic (uuid: 4f58f530-d441-428c-9a4c-ff86cc2ad1b4): guys
[13:57:26] Subnotic (uuid: 4f58f530-d441-428c-9a4c-ff86cc2ad1b4): don't die
[13:57:29] Subnotic (uuid: 4f58f530-d441-428c-9a4c-ff86cc2ad1b4): your bed is broken lol
[13:57:32] Madxmike (uuid: d20b5bc5-a632-48bb-a040-1f3f66478de7): :/
[14:04:54] Subnotic (uuid: 4f58f530-d441-428c-9a4c-ff86cc2ad1b4): temp
[14:05:00] Madxmike (uuid: d20b5bc5-a632-48bb-a040-1f3f66478de7): I needed to sleep
[14:05:07] Subnotic (uuid: 4f58f530-d441-428c-9a4c-ff86cc2ad1b4): you know the feeling now
[14:07:41] Subnotic (uuid: 4f58f530-d441-428c-9a4c-ff86cc2ad1b4): seems too small
[14:08:13] Madxmike (uuid: d20b5bc5-a632-48bb-a040-1f3f66478de7): there
[14:08:21] PRIMETOXINZ (uuid: ec18f39a-0a48-4e5b-808a-becae2546547): gg
[14:08:22] Madxmike (uuid: d20b5bc5-a632-48bb-a040-1f3f66478de7): lol
[14:08:24] DeathDragon58 (uuid: 6670da8a-7b31-44c2-988b-1cf5b7886db8): GG
[14:08:43] Subnotic (uuid: 4f58f530-d441-428c-9a4c-ff86cc2ad1b4): it's okay
[14:08:45] Subnotic (uuid: 4f58f530-d441-428c-9a4c-ff86cc2ad1b4): I got a thingy
[14:08:50] Madxmike (uuid: d20b5bc5-a632-48bb-a040-1f3f66478de7): ?
[14:12:24] Madxmike (uuid: d20b5bc5-a632-48bb-a040-1f3f66478de7): smeltary?
[14:12:25] Subnotic (uuid: 4f58f530-d441-428c-9a4c-ff86cc2ad1b4): bedroom lol
[14:12:27] Madxmike (uuid: d20b5bc5-a632-48bb-a040-1f3f66478de7): oh
[14:18:41] Madxmike (uuid: d20b5bc5-a632-48bb-a040-1f3f66478de7): gg
[14:18:45] Habitablenut59 (uuid: 7ee0b2e0-5ae2-409e-8246-f12a15f39f78): WTF
[14:20:09] Madxmike (uuid: d20b5bc5-a632-48bb-a040-1f3f66478de7): yes
[14:20:12] PRIMETOXINZ (uuid: ec18f39a-0a48-4e5b-808a-becae2546547): nah
[14:20:14] DeathDragon58 (uuid: 6670da8a-7b31-44c2-988b-1cf5b7886db8): nah
[14:20:16] Habitablenut59 (uuid: 7ee0b2e0-5ae2-409e-8246-f12a15f39f78): nah I like it
[14:20:22] PRIMETOXINZ (uuid: ec18f39a-0a48-4e5b-808a-becae2546547): just get rid of the A thing
[14:21:05] Subnotic (uuid: 4f58f530-d441-428c-9a4c-ff86cc2ad1b4): lol
[14:21:06] Madxmike (uuid: d20b5bc5-a632-48bb-a040-1f3f66478de7): ...
[14:21:19] Subnotic (uuid: 4f58f530-d441-428c-9a4c-ff86cc2ad1b4): I need stone for the beds
[14:22:22] Subnotic (uuid: 4f58f530-d441-428c-9a4c-ff86cc2ad1b4): come sleep fag
[14:22:48] Madxmike (uuid: d20b5bc5-a632-48bb-a040-1f3f66478de7): tewf
[14:22:48] Subnotic (uuid: 4f58f530-d441-428c-9a4c-ff86cc2ad1b4): hi
[14:22:50] Habitablenut59 (uuid: 7ee0b2e0-5ae2-409e-8246-f12a15f39f78): NO
[14:22:57] PRIMETOXINZ (uuid: ec18f39a-0a48-4e5b-808a-becae2546547): nope it's not pbetter
[14:22:58] Madxmike (uuid: d20b5bc5-a632-48bb-a040-1f3f66478de7): no
[14:22:59] DeathDragon58 (uuid: 6670da8a-7b31-44c2-988b-1cf5b7886db8): pno
[14:23:15] Subnotic (uuid: 4f58f530-d441-428c-9a4c-ff86cc2ad1b4): I want peanut better
[14:26:44] PRIMETOXINZ (uuid: ec18f39a-0a48-4e5b-808a-becae2546547): test
[14:26:45] Habitablenut59 (uuid: 7ee0b2e0-5ae2-409e-8246-f12a15f39f78): No
[14:26:47] Subnotic (uuid: 4f58f530-d441-428c-9a4c-ff86cc2ad1b4): even worse
[14:26:48] PRIMETOXINZ (uuid: ec18f39a-0a48-4e5b-808a-becae2546547): worse
[14:26:50] Habitablenut59 (uuid: 7ee0b2e0-5ae2-409e-8246-f12a15f39f78): pworse
[14:27:02] DeathDragon58 (uuid: 6670da8a-7b31-44c2-988b-1cf5b7886db8): pmuch pbetter
[14:27:58] Habitablenut59 (uuid: 7ee0b2e0-5ae2-409e-8246-f12a15f39f78): penis
[14:27:59] PRIMETOXINZ (uuid: ec18f39a-0a48-4e5b-808a-becae2546547): test?
[14:28:05] DeathDragon58 (uuid: 6670da8a-7b31-44c2-988b-1cf5b7886db8): minefactory
[14:29:14] PRIMETOXINZ (uuid: ec18f39a-0a48-4e5b-808a-becae2546547): qwc
[14:29:18] PRIMETOXINZ (uuid: ec18f39a-0a48-4e5b-808a-becae2546547): yup
[14:29:22] Habitablenut59 (uuid: 7ee0b2e0-5ae2-409e-8246-f12a15f39f78): Wors
[14:29:28] DeathDragon58 (uuid: 6670da8a-7b31-44c2-988b-1cf5b7886db8): :
[14:29:31] Habitablenut59 (uuid: 7ee0b2e0-5ae2-409e-8246-f12a15f39f78): YEP
[14:29:38] Habitablenut59 (uuid: 7ee0b2e0-5ae2-409e-8246-f12a15f39f78): Dickbutt
[14:30:16] Habitablenut59 (uuid: 7ee0b2e0-5ae2-409e-8246-f12a15f39f78): dr
[14:30:28] Subnotic (uuid: 4f58f530-d441-428c-9a4c-ff86cc2ad1b4): penis
[14:30:28] Habitablenut59 (uuid: 7ee0b2e0-5ae2-409e-8246-f12a15f39f78): a didrty word?
[14:31:06] Habitablenut59 (uuid: 7ee0b2e0-5ae2-409e-8246-f12a15f39f78): Xav you might want to go here http://www.kidsspell.com/
[14:31:28] PRIMETOXINZ (uuid: ec18f39a-0a48-4e5b-808a-becae2546547): inb4 hab dies
[14:34:17] Habitablenut59 (uuid: 7ee0b2e0-5ae2-409e-8246-f12a15f39f78): Not another dev build
[14:35:26] Subnotic (uuid: 4f58f530-d441-428c-9a4c-ff86cc2ad1b4): sleep mike
[01-08-2014 14:39:55] Habitablenut59 (uuid: 7ee0b2e0-5ae2-409e-8246-f12a15f39f78): IDK
[01-08-2014 14:39:57] PRIMETOXINZ (uuid: ec18f39a-0a48-4e5b-808a-becae2546547): test
[01-08-2014 14:40:00] PRIMETOXINZ (uuid: ec18f39a-0a48-4e5b-808a-becae2546547): :D
[01-08-2014 14:40:00] Habitablenut59 (uuid: 7ee0b2e0-5ae2-409e-8246-f12a15f39f78): It may be
[01-08-2014 14:40:06] Habitablenut59 (uuid: 7ee0b2e0-5ae2-409e-8246-f12a15f39f78): but I refuse to tell
[01-08-2014 14:40:29] Habitablenut59 (uuid: 7ee0b2e0-5ae2-409e-8246-f12a15f39f78): Ok it is
[01-08-2014 14:40:40] DeathDragon58 (uuid: 6670da8a-7b31-44c2-988b-1cf5b7886db8): lpkojihugifhtdxfcg
[01-08-2014 14:41:18] Subnotic (uuid: 4f58f530-d441-428c-9a4c-ff86cc2ad1b4): hi
[01-08-2014 14:41:29] Subnotic (uuid: 4f58f530-d441-428c-9a4c-ff86cc2ad1b4): no
[01-08-2014 14:41:32] PRIMETOXINZ (uuid: ec18f39a-0a48-4e5b-808a-becae2546547): no
[01-08-2014 14:41:39] DeathDragon58 (uuid: 6670da8a-7b31-44c2-988b-1cf5b7886db8): nop
[01-08-2014 14:41:44] Habitablenut59 (uuid: 7ee0b2e0-5ae2-409e-8246-f12a15f39f78): pno
[01-08-2014 14:42:21] Habitablenut59 (uuid: 7ee0b2e0-5ae2-409e-8246-f12a15f39f78): last log?
[01-08-2014 14:44:20] Habitablenut59 (uuid: 7ee0b2e0-5ae2-409e-8246-f12a15f39f78): Oh cool
[01-08-2014 14:44:43] Habitablenut59 (uuid: 7ee0b2e0-5ae2-409e-8246-f12a15f39f78): Blame mike
[01-08-2014 14:45:04] Madxmike (uuid: d20b5bc5-a632-48bb-a040-1f3f66478de7): k
[01-08-2014 14:47:40] Madxmike (uuid: d20b5bc5-a632-48bb-a040-1f3f66478de7): gg
[01-08-2014 14:47:42] Madxmike (uuid: d20b5bc5-a632-48bb-a040-1f3f66478de7): gg
[01-08-2014 14:48:06] Madxmike (uuid: d20b5bc5-a632-48bb-a040-1f3f66478de7): getting spawn camped?
[01-08-2014 14:48:14] Habitablenut59 (uuid: 7ee0b2e0-5ae2-409e-8246-f12a15f39f78): Yes
[01-08-2014 14:48:16] DeathDragon58 (uuid: 6670da8a-7b31-44c2-988b-1cf5b7886db8): he is
[01-08-2014 14:48:30] Madxmike (uuid: d20b5bc5-a632-48bb-a040-1f3f66478de7): lol
[01-08-2014 14:58:09] Habitablenut59 (uuid: 7ee0b2e0-5ae2-409e-8246-f12a15f39f78): We are not cheating
[01-08-2014 14:58:10] PRIMETOXINZ (uuid: ec18f39a-0a48-4e5b-808a-becae2546547): our fault
[01-08-2014 14:58:13] PRIMETOXINZ (uuid: ec18f39a-0a48-4e5b-808a-becae2546547): we're done
[01-08-2014 14:58:17] Madxmike (uuid: d20b5bc5-a632-48bb-a040-1f3f66478de7): cheaters
[01-08-2014 15:02:47] Madxmike (uuid: d20b5bc5-a632-48bb-a040-1f3f66478de7): oh my god
[01-08-2014 15:02:49] Madxmike (uuid: d20b5bc5-a632-48bb-a040-1f3f66478de7): these sounds
[01-08-2014 15:02:52] Madxmike (uuid: d20b5bc5-a632-48bb-a040-1f3f66478de7): are awful
[01-08-2014 15:03:03] Habitablenut59 (uuid: 7ee0b2e0-5ae2-409e-8246-f12a15f39f78): your awful
[01-08-2014 15:03:30] Habitablenut59 (uuid: 7ee0b2e0-5ae2-409e-8246-f12a15f39f78): you're* -prime awful
[01-08-2014 15:04:30] Madxmike (uuid: d20b5bc5-a632-48bb-a040-1f3f66478de7): thats great
[01-08-2014 15:04:38] Madxmike (uuid: d20b5bc5-a632-48bb-a040-1f3f66478de7): this multimeter doesnt work on servers
[01-08-2014 15:13:10] Habitablenut59 (uuid: 7ee0b2e0-5ae2-409e-8246-f12a15f39f78): Having problems?
[01-08-2014 15:41:02] Madxmike (uuid: d20b5bc5-a632-48bb-a040-1f3f66478de7): is it complaining about that>
[01-08-2014 15:41:30] Habitablenut59 (uuid: 7ee0b2e0-5ae2-409e-8246-f12a15f39f78): Xav was it gameplay or did it just pop up
[01-08-2014 15:41:43] Madxmike (uuid: d20b5bc5-a632-48bb-a040-1f3f66478de7): the mod is trying to tick
[01-08-2014 15:41:48] Habitablenut59 (uuid: 7ee0b2e0-5ae2-409e-8246-f12a15f39f78): Ok
[01-08-2014 15:42:44] Habitablenut59 (uuid: 7ee0b2e0-5ae2-409e-8246-f12a15f39f78): Fixed in next version
[01-08-2014 15:42:48] Habitablenut59 (uuid: 7ee0b2e0-5ae2-409e-8246-f12a15f39f78): when ever that is
[01-08-2014 15:44:51] Lord_Mimir (uuid: 2d336119-6efd-44c5-bb57-11a4a2bb08e7): hmmm guess it was my steam system that blew, had missing blocks other then the steam system
[01-08-2014 15:45:07] Habitablenut59 (uuid: 7ee0b2e0-5ae2-409e-8246-f12a15f39f78): New update for it tomorrow
[01-08-2014 15:45:14] Habitablenut59 (uuid: 7ee0b2e0-5ae2-409e-8246-f12a15f39f78): if we want to readd it?
[01-08-2014 15:45:47] Habitablenut59 (uuid: 7ee0b2e0-5ae2-409e-8246-f12a15f39f78): So tomorrow is an update day
[01-08-2014 15:45:57] Habitablenut59 (uuid: 7ee0b2e0-5ae2-409e-8246-f12a15f39f78): LP?
[01-08-2014 15:46:11] Habitablenut59 (uuid: 7ee0b2e0-5ae2-409e-8246-f12a15f39f78): Is that out?
[01-08-2014 15:46:19] Madxmike (uuid: d20b5bc5-a632-48bb-a040-1f3f66478de7): no
[01-08-2014 15:47:39] Madxmike (uuid: d20b5bc5-a632-48bb-a040-1f3f66478de7): "Sorry guys, there is still a lot to do to actually bring the first dev builds out"
[01-08-2014 15:47:49] Madxmike (uuid: d20b5bc5-a632-48bb-a040-1f3f66478de7): the purple is really annoying btw
[01-08-2014 15:47:54] Habitablenut59 (uuid: 7ee0b2e0-5ae2-409e-8246-f12a15f39f78): I like it
[01-08-2014 15:47:55] Madxmike (uuid: d20b5bc5-a632-48bb-a040-1f3f66478de7): its hard to read
[01-08-2014 15:48:12] Habitablenut59 (uuid: 7ee0b2e0-5ae2-409e-8246-f12a15f39f78): Get glasses
[01-08-2014 15:48:52] Habitablenut59 (uuid: 7ee0b2e0-5ae2-409e-8246-f12a15f39f78): You streaming tonight?
[01-08-2014 15:51:05] Habitablenut59 (uuid: 7ee0b2e0-5ae2-409e-8246-f12a15f39f78): Mikes a pirate
[01-08-2014 15:55:56] Habitablenut59 (uuid: 7ee0b2e0-5ae2-409e-8246-f12a15f39f78): Not the old man test
[01-08-2014 15:58:47] Subnotic (uuid: 4f58f530-d441-428c-9a4c-ff86cc2ad1b4): lolhax
[01-08-2014 16:02:05] PRIMETOXINZ (uuid: ec18f39a-0a48-4e5b-808a-becae2546547): stop dying you newb
[01-08-2014 16:02:12] PRIMETOXINZ (uuid: ec18f39a-0a48-4e5b-808a-becae2546547): newbs*
[01-08-2014 16:04:08] PRIMETOXINZ (uuid: ec18f39a-0a48-4e5b-808a-becae2546547): STOP DYING
[01-08-2014 16:04:10] PRIMETOXINZ (uuid: ec18f39a-0a48-4e5b-808a-becae2546547): OMG
[01-08-2014 16:04:22] Madxmike (uuid: d20b5bc5-a632-48bb-a040-1f3f66478de7): OMG
[01-08-2014 16:31:30] Habitablenut59 (uuid: 7ee0b2e0-5ae2-409e-8246-f12a15f39f78): Hello
[01-08-2014 16:32:07] Habitablenut59 (uuid: 7ee0b2e0-5ae2-409e-8246-f12a15f39f78): I was lagging
[01-08-2014 17:23:23] Habitablenut59 (uuid: 7ee0b2e0-5ae2-409e-8246-f12a15f39f78): DAMN DOG
[01-08-2014 17:23:27] Habitablenut59 (uuid: 7ee0b2e0-5ae2-409e-8246-f12a15f39f78): WANTS MY FOOD
[01-08-2014 17:23:34] Madxmike (uuid: d20b5bc5-a632-48bb-a040-1f3f66478de7): K
[01-08-2014 17:24:20] Habitablenut59 (uuid: 7ee0b2e0-5ae2-409e-8246-f12a15f39f78): Now there are people outside
[01-08-2014 18:42:49] Habitablenut59 (uuid: 7ee0b2e0-5ae2-409e-8246-f12a15f39f78): </3
[01-08-2014 19:19:13] Lord_Mimir (uuid: 2d336119-6efd-44c5-bb57-11a4a2bb08e7): greetings
[01-08-2014 19:19:17] PRIMETOXINZ (uuid: ec18f39a-0a48-4e5b-808a-becae2546547): o/
[01-08-2014 20:08:57] carTloyal123 (uuid: 86cdd1b5-e6b2-4199-9a76-018a7b8eac0b): where is the sneak control in the controls options...
[01-08-2014 20:09:26] carTloyal123 (uuid: 86cdd1b5-e6b2-4199-9a76-018a7b8eac0b): thanks
[01-08-2014 20:09:49] carTloyal123 (uuid: 86cdd1b5-e6b2-4199-9a76-018a7b8eac0b): from te?
[01-08-2014 20:10:04] carTloyal123 (uuid: 86cdd1b5-e6b2-4199-9a76-018a7b8eac0b): ohk, thats what i thought
[01-08-2014 20:19:04] Subnotic (uuid: 4f58f530-d441-428c-9a4c-ff86cc2ad1b4): O.O
[01-08-2014 20:25:27] carTloyal123 (uuid: 86cdd1b5-e6b2-4199-9a76-018a7b8eac0b): generated with te ores or retro gen?
[01-08-2014 20:25:39] Habitablenut59 (uuid: 7ee0b2e0-5ae2-409e-8246-f12a15f39f78): Yes
[01-08-2014 20:25:57] carTloyal123 (uuid: 86cdd1b5-e6b2-4199-9a76-018a7b8eac0b): really...
[01-08-2014 20:26:00] carTloyal123 (uuid: 86cdd1b5-e6b2-4199-9a76-018a7b8eac0b): hehe
[01-08-2014 20:26:03] Habitablenut59 (uuid: 7ee0b2e0-5ae2-409e-8246-f12a15f39f78): Generated
[01-08-2014 20:26:12] carTloyal123 (uuid: 86cdd1b5-e6b2-4199-9a76-018a7b8eac0b): thats what i thought :)
[01-08-2014 20:28:09] Subnotic (uuid: 4f58f530-d441-428c-9a4c-ff86cc2ad1b4): what
[01-08-2014 20:28:11] Subnotic (uuid: 4f58f530-d441-428c-9a4c-ff86cc2ad1b4): the
[01-08-2014 20:28:12] Subnotic (uuid: 4f58f530-d441-428c-9a4c-ff86cc2ad1b4): fuck
[01-08-2014 20:28:15] Subnotic (uuid: 4f58f530-d441-428c-9a4c-ff86cc2ad1b4): that roll back
[01-08-2014 20:28:21] Xaviorm (uuid: 15a653e1-7cb7-4e76-a4ef-13ab099b7cc3): yeah
[01-08-2014 20:28:25] Xaviorm (uuid: 15a653e1-7cb7-4e76-a4ef-13ab099b7cc3): sorry
[01-08-2014 20:28:31] Subnotic (uuid: 4f58f530-d441-428c-9a4c-ff86cc2ad1b4): thanks for the forewarning
[01-08-2014 20:28:40] Xaviorm (uuid: 15a653e1-7cb7-4e76-a4ef-13ab099b7cc3): anytime
[01-08-2014 20:28:45] PRIMETOXINZ (uuid: ec18f39a-0a48-4e5b-808a-becae2546547): well if you were in ts you would know
[01-08-2014 20:28:54] Xaviorm (uuid: 15a653e1-7cb7-4e76-a4ef-13ab099b7cc3): armor was broken
[01-08-2014 20:29:07] Xaviorm (uuid: 15a653e1-7cb7-4e76-a4ef-13ab099b7cc3): hopefully fixed now
[01-08-2014 20:29:13] Subnotic (uuid: 4f58f530-d441-428c-9a4c-ff86cc2ad1b4): people bitch about the gaming being too easy
[01-08-2014 20:29:16] Subnotic (uuid: 4f58f530-d441-428c-9a4c-ff86cc2ad1b4): then when it's hard
[01-08-2014 20:29:19] Subnotic (uuid: 4f58f530-d441-428c-9a4c-ff86cc2ad1b4): they bitch more
[01-08-2014 20:29:21] Subnotic (uuid: 4f58f530-d441-428c-9a4c-ff86cc2ad1b4): makes sense
[01-08-2014 20:29:24] Xaviorm (uuid: 15a653e1-7cb7-4e76-a4ef-13ab099b7cc3): yeah thats what everyone but me said
[01-08-2014 20:29:28] PRIMETOXINZ (uuid: ec18f39a-0a48-4e5b-808a-becae2546547): more like bitching about it being broken, you dumb ass
[01-08-2014 20:30:35] Xaviorm (uuid: 15a653e1-7cb7-4e76-a4ef-13ab099b7cc3): you lose anything i can refund?
[01-08-2014 20:32:50] Subnotic (uuid: 4f58f530-d441-428c-9a4c-ff86cc2ad1b4): mobs OP
[01-08-2014 20:33:00] PRIMETOXINZ (uuid: ec18f39a-0a48-4e5b-808a-becae2546547): armor working
[01-08-2014 20:33:01] Habitablenut59 (uuid: 7ee0b2e0-5ae2-409e-8246-f12a15f39f78): No Im underp
[01-08-2014 20:33:05] Habitablenut59 (uuid: 7ee0b2e0-5ae2-409e-8246-f12a15f39f78): pno
[01-08-2014 20:35:02] Subnotic (uuid: 4f58f530-d441-428c-9a4c-ff86cc2ad1b4): and it starts
[01-08-2014 20:35:12] PRIMETOXINZ (uuid: ec18f39a-0a48-4e5b-808a-becae2546547): he took a tag lock :P
[01-08-2014 20:36:05] carTloyal123 (uuid: 86cdd1b5-e6b2-4199-9a76-018a7b8eac0b): is that a mod that despawns leaves quickly? or veinminer?
[01-08-2014 20:36:11] PRIMETOXINZ (uuid: ec18f39a-0a48-4e5b-808a-becae2546547): randomthings
[01-08-2014 20:36:16] carTloyal123 (uuid: 86cdd1b5-e6b2-4199-9a76-018a7b8eac0b): oh, sweet
[01-08-2014 20:37:17] Xaviorm (uuid: 15a653e1-7cb7-4e76-a4ef-13ab099b7cc3): say rebooting to turn on autosave
[01-08-2014 21:14:46] Madxmike (uuid: d20b5bc5-a632-48bb-a040-1f3f66478de7): tdx
[01-08-2014 21:14:49] Madxmike (uuid: d20b5bc5-a632-48bb-a040-1f3f66478de7): go mining
[01-08-2014 21:16:05] Madxmike (uuid: d20b5bc5-a632-48bb-a040-1f3f66478de7): mine
[01-08-2014 21:16:18] Subnotic (uuid: 4f58f530-d441-428c-9a4c-ff86cc2ad1b4): I don't have anything
[01-08-2014 21:16:23] Madxmike (uuid: d20b5bc5-a632-48bb-a040-1f3f66478de7): go mine then
[01-08-2014 21:16:28] Subnotic (uuid: 4f58f530-d441-428c-9a4c-ff86cc2ad1b4): oh
[01-08-2014 21:16:32] Madxmike (uuid: d20b5bc5-a632-48bb-a040-1f3f66478de7): retard
[01-08-2014 21:16:34] Subnotic (uuid: 4f58f530-d441-428c-9a4c-ff86cc2ad1b4): I meant you meant I picked something up
[01-08-2014 21:16:38] Madxmike (uuid: d20b5bc5-a632-48bb-a040-1f3f66478de7): no
[01-08-2014 21:16:41] Subnotic (uuid: 4f58f530-d441-428c-9a4c-ff86cc2ad1b4): I thought you meant*
[01-08-2014 21:17:14] DeathDragon58 (uuid: 6670da8a-7b31-44c2-988b-1cf5b7886db8): its great
[01-08-2014 21:17:42] PRIMETOXINZ (uuid: ec18f39a-0a48-4e5b-808a-becae2546547): &test
[01-08-2014 21:17:47] PRIMETOXINZ (uuid: ec18f39a-0a48-4e5b-808a-becae2546547): §2test
[01-08-2014 21:17:50] PRIMETOXINZ (uuid: ec18f39a-0a48-4e5b-808a-becae2546547): §3test
[01-08-2014 21:17:53] PRIMETOXINZ (uuid: ec18f39a-0a48-4e5b-808a-becae2546547): §4test
[01-08-2014 21:17:56] PRIMETOXINZ (uuid: ec18f39a-0a48-4e5b-808a-becae2546547): §5test
[01-08-2014 21:17:59] Habitablenut59 (uuid: 7ee0b2e0-5ae2-409e-8246-f12a15f39f78): §r Hello
[01-08-2014 21:17:59] PRIMETOXINZ (uuid: ec18f39a-0a48-4e5b-808a-becae2546547): §6test
[01-08-2014 21:18:02] PRIMETOXINZ (uuid: ec18f39a-0a48-4e5b-808a-becae2546547): §7test
[01-08-2014 21:18:07] PRIMETOXINZ (uuid: ec18f39a-0a48-4e5b-808a-becae2546547): §9test
[01-08-2014 21:18:12] Habitablenut59 (uuid: 7ee0b2e0-5ae2-409e-8246-f12a15f39f78): &t test
[01-08-2014 21:18:13] PRIMETOXINZ (uuid: ec18f39a-0a48-4e5b-808a-becae2546547): §10test
[01-08-2014 21:18:17] PRIMETOXINZ (uuid: ec18f39a-0a48-4e5b-808a-becae2546547): §atest
[01-08-2014 21:18:23] PRIMETOXINZ (uuid: ec18f39a-0a48-4e5b-808a-becae2546547): §btest
[01-08-2014 21:18:27] PRIMETOXINZ (uuid: ec18f39a-0a48-4e5b-808a-becae2546547): §ctest
[01-08-2014 21:18:53] PRIMETOXINZ (uuid: ec18f39a-0a48-4e5b-808a-becae2546547): §ftest
[01-08-2014 21:18:56] PRIMETOXINZ (uuid: ec18f39a-0a48-4e5b-808a-becae2546547): §etest
[01-08-2014 21:18:59] PRIMETOXINZ (uuid: ec18f39a-0a48-4e5b-808a-becae2546547): §dtest
[01-08-2014 21:19:43] PRIMETOXINZ (uuid: ec18f39a-0a48-4e5b-808a-becae2546547): §ktest
[01-08-2014 21:21:08] DeathDragon58 (uuid: 6670da8a-7b31-44c2-988b-1cf5b7886db8): §1test
[01-08-2014 21:21:43] DeathDragon58 (uuid: 6670da8a-7b31-44c2-988b-1cf5b7886db8): §atest
[01-08-2014 21:22:23] Xaviorm (uuid: 15a653e1-7cb7-4e76-a4ef-13ab099b7cc3): test
[01-08-2014 21:22:27] Habitablenut59 (uuid: 7ee0b2e0-5ae2-409e-8246-f12a15f39f78): Woot
[01-08-2014 21:22:27] Madxmike (uuid: d20b5bc5-a632-48bb-a040-1f3f66478de7): test
[01-08-2014 21:22:42] DeathDragon58 (uuid: 6670da8a-7b31-44c2-988b-1cf5b7886db8): §a--------------------------------------------------------------------------------------------------
[01-08-2014 21:23:38] Madxmike (uuid: d20b5bc5-a632-48bb-a040-1f3f66478de7): no perms for /nick :(
[01-08-2014 21:37:08] PRIMETOXINZ (uuid: ec18f39a-0a48-4e5b-808a-becae2546547): ./f saycoords
[01-08-2014 21:37:08] Madxmike (uuid: d20b5bc5-a632-48bb-a040-1f3f66478de7): ./f saycoords
[01-08-2014 21:37:16] Habitablenut59 (uuid: 7ee0b2e0-5ae2-409e-8246-f12a15f39f78): ./f saycoords
[01-08-2014 21:37:32] Madxmike (uuid: d20b5bc5-a632-48bb-a040-1f3f66478de7): ./f saycoords incase you missed it
[01-08-2014 22:02:57] Habitablenut59 (uuid: 7ee0b2e0-5ae2-409e-8246-f12a15f39f78): WTF my mouse is messed up
[01-08-2014 22:32:52] PRIMETOXINZ (uuid: ec18f39a-0a48-4e5b-808a-becae2546547): test?
[01-08-2014 22:35:03] PRIMETOXINZ (uuid: ec18f39a-0a48-4e5b-808a-becae2546547): test again
[01-08-2014 22:37:09] DeathDragon58 (uuid: 6670da8a-7b31-44c2-988b-1cf5b7886db8): §a Test
[01-08-2014 22:37:21] DeathDragon58 (uuid: 6670da8a-7b31-44c2-988b-1cf5b7886db8): my test is better
[01-08-2014 23:11:43] Lord_Mimir (uuid: 2d336119-6efd-44c5-bb57-11a4a2bb08e7): ./pex user PRIMETOXINZ prefix
