[02-08-2014 00:14:05] PRIMETOXINZ (uuid: ec18f39a-0a48-4e5b-808a-becae2546547): D:HeatGeneration=150.0
[02-08-2014 00:22:33] nickierv (uuid: c4e8b009-9fb9-4a3c-82d8-cc46dbdfbe3b): #blamehab
[02-08-2014 00:22:54] nickierv (uuid: c4e8b009-9fb9-4a3c-82d8-cc46dbdfbe3b): #blamehab'spotato
[02-08-2014 08:04:53] Xaviorm (uuid: 15a653e1-7cb7-4e76-a4ef-13ab099b7cc3): yt?
[02-08-2014 12:59:11] PRIMETOXINZ (uuid: ec18f39a-0a48-4e5b-808a-becae2546547): hab?
[02-08-2014 15:42:53] PRIMETOXINZ (uuid: ec18f39a-0a48-4e5b-808a-becae2546547): hey
[02-08-2014 15:43:11] carTloyal123 (uuid: 86cdd1b5-e6b2-4199-9a76-018a7b8eac0b): ayo
[02-08-2014 16:48:07] PRIMETOXINZ (uuid: ec18f39a-0a48-4e5b-808a-becae2546547): wtf?
[02-08-2014 17:02:37] PRIMETOXINZ (uuid: ec18f39a-0a48-4e5b-808a-becae2546547): ...
[02-08-2014 17:02:41] Madxmike (uuid: d20b5bc5-a632-48bb-a040-1f3f66478de7): ....
[02-08-2014 17:02:47] Habitablenut59 (uuid: 7ee0b2e0-5ae2-409e-8246-f12a15f39f78): ts go down?
[02-08-2014 17:02:47] DeathDragon58 (uuid: 6670da8a-7b31-44c2-988b-1cf5b7886db8): §a yeah
[02-08-2014 17:02:50] PRIMETOXINZ (uuid: ec18f39a-0a48-4e5b-808a-becae2546547): you going to the bog hab?
[02-08-2014 17:47:51] PRIMETOXINZ (uuid: ec18f39a-0a48-4e5b-808a-becae2546547): nom nom
[02-08-2014 17:48:03] PRIMETOXINZ (uuid: ec18f39a-0a48-4e5b-808a-becae2546547): meh
[02-08-2014 17:48:16] PRIMETOXINZ (uuid: ec18f39a-0a48-4e5b-808a-becae2546547): frozen pizza
[02-08-2014 17:48:19] PRIMETOXINZ (uuid: ec18f39a-0a48-4e5b-808a-becae2546547): meh
[02-08-2014 17:48:42] PRIMETOXINZ (uuid: ec18f39a-0a48-4e5b-808a-becae2546547): it's ediable
[02-08-2014 18:07:49] Habitablenut59 (uuid: 7ee0b2e0-5ae2-409e-8246-f12a15f39f78): "It was the Aliens" -Mike 2/8/2014
[02-08-2014 19:03:45] Madxmike (uuid: d20b5bc5-a632-48bb-a040-1f3f66478de7): hearthstone's sounds are so much better with decent headphones
[02-08-2014 19:40:37] Madxmike (uuid: d20b5bc5-a632-48bb-a040-1f3f66478de7): #blameprime
[02-08-2014 20:32:38] Madxmike (uuid: d20b5bc5-a632-48bb-a040-1f3f66478de7): do you have aluminum?
[02-08-2014 20:32:48] Subnotic (uuid: 4f58f530-d441-428c-9a4c-ff86cc2ad1b4): no
[02-08-2014 20:32:50] Madxmike (uuid: d20b5bc5-a632-48bb-a040-1f3f66478de7): :(
[02-08-2014 20:33:07] DeathDragon58 (uuid: 6670da8a-7b31-44c2-988b-1cf5b7886db8): §a words
[02-08-2014 21:01:25] Madxmike (uuid: d20b5bc5-a632-48bb-a040-1f3f66478de7): solar panels
[02-08-2014 21:01:29] Madxmike (uuid: d20b5bc5-a632-48bb-a040-1f3f66478de7): im making a bunch
[02-08-2014 21:01:34] Madxmike (uuid: d20b5bc5-a632-48bb-a040-1f3f66478de7): dig a big flat area
[02-08-2014 21:27:51] Madxmike (uuid: d20b5bc5-a632-48bb-a040-1f3f66478de7): zzzz
[02-08-2014 21:33:14] Madxmike (uuid: d20b5bc5-a632-48bb-a040-1f3f66478de7): need walls
[02-08-2014 21:34:47] Madxmike (uuid: d20b5bc5-a632-48bb-a040-1f3f66478de7): really should learn how this current works before I make a solar farm and blow everyting up
[02-08-2014 21:39:28] Madxmike (uuid: d20b5bc5-a632-48bb-a040-1f3f66478de7): zzzz
[02-08-2014 21:39:39] Madxmike (uuid: d20b5bc5-a632-48bb-a040-1f3f66478de7): zzzzz
[02-08-2014 22:17:31] Madxmike (uuid: d20b5bc5-a632-48bb-a040-1f3f66478de7): zzzzz
